<?xml version="1.0" encoding="UTF-8"?>
<testsuites name="Mocha Tests" time="6.345" tests="2" failures="1" skipped="1">
  <testsuite name="Root Suite" timestamp="2023-11-26T02:04:39" tests="0" file="cypress\e2e\spec5.cy.js" time="0.000" failures="0">
  </testsuite>
  <testsuite name="test2" timestamp="2023-11-26T02:04:39" tests="2" time="6.338" failures="1">
    <testcase name="test2 C4 - test fourth" time="0.000" classname="C4 - test fourth">
      <failure message="Timed out retrying after 4000ms: Expected to find element: `nevim`, but never found it." type="AssertionError"><![CDATA[AssertionError: Timed out retrying after 4000ms: Expected to find element: `nevim`, but never found it.
    at Context.eval (webpack://cypress-testrail-turbo-reporter/./cypress/e2e/spec5.cy.js:11:7)]]></failure>
    </testcase>
  </testsuite>
</testsuites>