{
  "?xml": {
    "@_version": "1.0",
    "@_encoding": "UTF-8"
  },
  "testsuites": {
    "testsuite": [
      {
        "@_name": "Root Suite",
        "@_timestamp": "2023-11-15T00:36:39",
        "@_tests": "0",
        "@_file": "cypress\\e2e\\spec.cy.js",
        "@_time": "0.000",
        "@_failures": "0"
      },
      {
        "testcase": [
          {
            "failure": {
              "#text": "AssertionError: Timed out retrying after 4000ms: Expected to find element: `non existing element`, but never found it.\n    at Context.eval (webpack://cypress-testrail-turbo-reporter/./cypress/e2e/spec.cy.js:7:7)",
              "@_message": "Timed out retrying after 4000ms: Expected to find element: `non existing element`, but never found it.",
              "@_type": "AssertionError"
            },
            "@_name": "template spec C1 - test first",
            "@_time": "0.000",
            "@_classname": "C1 - test first"
          },
          {
            "failure": {
              "#text": "AssertionError: Timed out retrying after 4000ms: Expected to find element: ``, but never found it.\n    at Context.eval (webpack://cypress-testrail-turbo-reporter/./cypress/e2e/spec.cy.js:11:7)",
              "@_message": "Timed out retrying after 4000ms: Expected to find element: ``, but never found it.",
              "@_type": "AssertionError"
            },
            "@_name": "template spec C2 - test second",
            "@_time": "0.000",
            "@_classname": "C2 - test second"
          },
          {
            "@_name": "template spec C3 - test third",
            "@_time": "0.113",
            "@_classname": "C3 - test third"
          },
          {
            "failure": {
              "#text": "AssertionError: Timed out retrying after 4000ms: Expected to find element: `nevim`, but never found it.\n    at Context.eval (webpack://cypress-testrail-turbo-reporter/./cypress/e2e/spec.cy.js:19:7)",
              "@_message": "Timed out retrying after 4000ms: Expected to find element: `nevim`, but never found it.",
              "@_type": "AssertionError"
            },
            "@_name": "template spec C4 - test fourth",
            "@_time": "0.000",
            "@_classname": "C4 - test fourth"
          },
          {
            "@_name": "template spec C5 - ttttttttttttttttttttttttttttttttttttttttttttttttttttttttttttttttttttttttttttttttttttttttttttt, this title is sooooo loooong.",
            "@_time": "0.167",
            "@_classname": "C5 - ttttttttttttttttttttttttttttttttttttttttttttttttttttttttttttttttttttttttttttttttttttttttttttt, this title is sooooo loooong."
          },
          {
            "@_name": "template spec C6 text",
            "@_time": "0.107",
            "@_classname": "C6 text"
          },
          {
            "@_name": "template spec C7text",
            "@_time": "0.099",
            "@_classname": "C7text"
          },
          {
            "@_name": "template spec C8text",
            "@_time": "0.106",
            "@_classname": "C8text"
          }
        ],
        "@_name": "template spec",
        "@_timestamp": "2023-11-15T00:36:39",
        "@_tests": "8",
        "@_time": "0.000",
        "@_failures": "3"
      },
      {
        "testcase": [
          {
            "failure": {
              "#text": "AssertionError: Timed out retrying after 4000ms: Expected to find element: `0`, but never found it.\n    at Context.eval (webpack://cypress-testrail-turbo-reporter/./cypress/e2e/spec.cy.js:42:18)",
              "@_message": "Timed out retrying after 4000ms: Expected to find element: `0`, but never found it.",
              "@_type": "AssertionError"
            },
            "@_name": "template spec test C11",
            "@_time": "0.000",
            "@_classname": "C11"
          },
          {
            "failure": {
              "#text": "AssertionError: Timed out retrying after 4000ms: Expected to find element: `0`, but never found it.\n    at Context.eval (webpack://cypress-testrail-turbo-reporter/./cypress/e2e/spec.cy.js:46:18)",
              "@_message": "Timed out retrying after 4000ms: Expected to find element: `0`, but never found it.",
              "@_type": "AssertionError"
            },
            "@_name": "template spec test C12",
            "@_time": "0.000",
            "@_classname": "C12"
          }
        ],
        "@_name": "test",
        "@_timestamp": "2023-11-15T00:36:54",
        "@_tests": "2",
        "@_time": "8.544",
        "@_failures": "2"
      },
      {
        "testcase": [
          {
            "failure": {
              "#text": "AssertionError: Timed out retrying after 4000ms: Expected to find element: `h10`, but never found it.\n    at Context.eval (webpack://cypress-testrail-turbo-reporter/./cypress/e2e/spec.cy.js:52:20)",
              "@_message": "Timed out retrying after 4000ms: Expected to find element: `h10`, but never found it.",
              "@_type": "AssertionError"
            },
            "@_name": "template spec test2 C9",
            "@_time": "0.000",
            "@_classname": "C9"
          },
          {
            "@_name": "template spec test2 C10",
            "@_time": "0.118",
            "@_classname": "C10"
          }
        ],
        "@_name": "test2",
        "@_timestamp": "2023-11-15T00:37:03",
        "@_tests": "2",
        "@_time": "4.478",
        "@_failures": "1"
      }
    ],
    "@_name": "Mocha Tests",
    "@_time": "28.547",
    "@_tests": "12",
    "@_failures": "6"
  }
}